2025-06-15 11:46:36.170 [info] Extension host with pid 1805 started
2025-06-15 11:46:36.170 [error] Error: EEXIST: file already exists, open '/home/arun_carch_io/.codeoss/data/User/workspaceStorage/-cccb475/vscode.lock'
2025-06-15 11:46:36.175 [info] Lock '/home/arun_carch_io/.codeoss/data/User/workspaceStorage/-cccb475/vscode.lock': Could not acquire lock, checking if the file is stale.
2025-06-15 11:46:36.188 [info] Lock '/home/arun_carch_io/.codeoss/data/User/workspaceStorage/-cccb475/vscode.lock': The lock does not look stale, elapsed: 429 ms, giving up.
2025-06-15 11:46:36.205 [info] Lock '/home/arun_carch_io/.codeoss/data/User/workspaceStorage/-cccb475-1/vscode.lock': Lock acquired.
2025-06-15 11:46:36.386 [info] ExtensionService#_doActivateExtension vscode.emmet, startup: false, activationEvent: 'onLanguage'
2025-06-15 11:46:36.393 [info] ExtensionService#_doActivateExtension google.cloud-shell, startup: false, activationEvent: 'onTerminalProfile:cloudshell.default'
2025-06-15 11:46:36.625 [info] ExtensionService#_doActivateExtension vscode.git-base, startup: true, activationEvent: '*', root cause: vscode.git
2025-06-15 11:46:36.725 [info] ExtensionService#_doActivateExtension vscode.git, startup: true, activationEvent: '*'
2025-06-15 11:46:36.725 [info] ExtensionService#_doActivateExtension vscode.github, startup: true, activationEvent: '*'
2025-06-15 11:46:36.841 [info] ExtensionService#_doActivateExtension vscode.configuration-editing, startup: false, activationEvent: 'onLanguage:jsonc'
2025-06-15 11:46:36.842 [info] ExtensionService#_doActivateExtension vscode.json-language-features, startup: false, activationEvent: 'onLanguage:jsonc'
2025-06-15 11:46:36.842 [info] ExtensionService#_doActivateExtension vscode.typescript-language-features, startup: false, activationEvent: 'onLanguage:jsonc'
2025-06-15 11:46:37.135 [info] Eager extensions activated
2025-06-15 11:46:37.136 [info] ExtensionService#_doActivateExtension EditorConfig.EditorConfig, startup: false, activationEvent: 'onStartupFinished'
2025-06-15 11:46:37.136 [info] ExtensionService#_doActivateExtension google.geminicodeassist, startup: false, activationEvent: 'onStartupFinished', root cause: googlecloudtools.cloudcode
2025-06-15 11:46:37.137 [info] ExtensionService#_doActivateExtension vscode.debug-auto-launch, startup: false, activationEvent: 'onStartupFinished'
2025-06-15 11:46:37.137 [info] ExtensionService#_doActivateExtension vscode.merge-conflict, startup: false, activationEvent: 'onStartupFinished'
2025-06-15 11:46:40.128 [info] ExtensionService#_doActivateExtension googlecloudtools.cloudcode, startup: false, activationEvent: 'onStartupFinished'
2025-06-15 11:49:00.451 [info] Extension host terminating: received terminate message from renderer
2025-06-15 11:49:00.452 [info] Lock '/home/arun_carch_io/.codeoss/data/User/workspaceStorage/-cccb475-1/vscode.lock': Marking the lockfile as scheduled to be released in 6000 ms.
2025-06-15 11:49:00.491 [info] Extension host with pid 1805 exiting with code 0
