2025-06-17 09:39:51.865 [info] [main] Log level: Info
2025-06-17 09:39:51.866 [info] [main] Validating found git in: "git"
2025-06-17 09:39:51.866 [info] [main] Using git "2.43.0" from "git"
2025-06-17 09:39:51.866 [info] [Model][doInitialScan] Initial repository scan started
2025-06-17 09:39:51.866 [info] > git rev-parse --show-toplevel [19ms]
2025-06-17 09:39:51.866 [info] > git rev-parse --git-dir --git-common-dir [19ms]
2025-06-17 09:39:51.866 [info] [Model][openRepository] Opened repository: /home/arun_carch_io
2025-06-17 09:39:51.868 [info] > git config --get commit.template [3ms]
2025-06-17 09:39:51.887 [info] > git for-each-ref --format=%(refname)%00%(upstream:short)%00%(objectname)%00%(upstream:track)%00%(upstream:remotename)%00%(upstream:remoteref) refs/heads/main refs/remotes/main [11ms]
2025-06-17 09:39:51.902 [info] > git rev-parse --show-toplevel [16ms]
2025-06-17 09:39:51.910 [info] > git status -z -uall [16ms]
2025-06-17 09:39:51.910 [info] > git for-each-ref --sort -committerdate --format %(refname)%00%(objectname)%00%(*objectname) [9ms]
2025-06-17 09:39:51.964 [info] > git for-each-ref --format=%(refname)%00%(upstream:short)%00%(objectname)%00%(upstream:track)%00%(upstream:remotename)%00%(upstream:remoteref) refs/heads/main refs/remotes/main [35ms]
2025-06-17 09:39:51.970 [info] > git rev-parse --show-toplevel [62ms]
2025-06-17 09:39:52.005 [info] > git config --get --local branch.main.vscode-merge-base [35ms]
2025-06-17 09:39:52.005 [warning] [Git][config] git config failed: Failed to execute git
2025-06-17 09:39:52.011 [info] > git config --get commit.template [52ms]
2025-06-17 09:39:52.016 [info] > git rev-parse --show-toplevel [32ms]
2025-06-17 09:39:52.035 [info] > git reflog main --grep-reflog=branch: Created from *. [24ms]
2025-06-17 09:39:52.042 [info] > git rev-parse --show-toplevel [8ms]
2025-06-17 09:39:52.051 [info] > git for-each-ref --format=%(refname)%00%(upstream:short)%00%(objectname)%00%(upstream:track)%00%(upstream:remotename)%00%(upstream:remoteref) refs/heads/main refs/remotes/main [29ms]
2025-06-17 09:39:52.069 [info] > git symbolic-ref --short refs/remotes/origin/HEAD [29ms]
2025-06-17 09:39:52.069 [info] fatal: ref refs/remotes/origin/HEAD is not a symbolic ref
2025-06-17 09:39:52.069 [warning] [Repository][getDefaultBranch] Failed to get default branch details: Failed to execute git.
2025-06-17 09:39:52.071 [info] > git status -z -uall [16ms]
2025-06-17 09:39:52.071 [info] > git rev-parse --show-toplevel [4ms]
2025-06-17 09:39:52.072 [info] > git for-each-ref --sort -committerdate --format %(refname)%00%(objectname)%00%(*objectname) [11ms]
2025-06-17 09:39:52.085 [info] > git rev-parse --show-toplevel [5ms]
2025-06-17 09:39:52.093 [info] > git rev-parse --show-toplevel [1ms]
2025-06-17 09:39:52.099 [info] > git rev-parse --show-toplevel [1ms]
2025-06-17 09:39:52.106 [info] > git rev-parse --show-toplevel [2ms]
2025-06-17 09:39:52.113 [info] > git rev-parse --show-toplevel [2ms]
2025-06-17 09:39:52.120 [info] > git rev-parse --git-dir --git-common-dir [2ms]
2025-06-17 09:39:52.124 [info] [Model][openRepository] Opened repository: /home/arun_carch_io/arun-carch
2025-06-17 09:39:52.125 [info] [Model][doInitialScan] Initial repository scan completed - repositories (2), closed repositories (0), parent repositories (0), unsafe repositories (0)
2025-06-17 09:39:52.136 [info] > git config --get commit.template [5ms]
2025-06-17 09:39:52.137 [info] > git for-each-ref --format=%(refname)%00%(upstream:short)%00%(objectname)%00%(upstream:track)%00%(upstream:remotename)%00%(upstream:remoteref) refs/heads/master refs/remotes/master [2ms]
2025-06-17 09:39:52.137 [warning] [Git][getBranch] No such branch: master
2025-06-17 09:39:52.147 [info] > git status -z -uall [6ms]
2025-06-17 09:39:52.148 [info] > git for-each-ref --sort -committerdate --format %(refname)%00%(objectname)%00%(*objectname) [2ms]
2025-06-17 09:39:52.162 [info] > git for-each-ref --format=%(refname)%00%(upstream:short)%00%(objectname)%00%(upstream:track)%00%(upstream:remotename)%00%(upstream:remoteref) refs/heads/master refs/remotes/master [7ms]
2025-06-17 09:39:52.162 [warning] [Git][getBranch] No such branch: master
2025-06-17 09:39:52.163 [error] [GitHistoryProvider][resolveHEADMergeBase] Failed to resolve merge base for master: Error: No such branch: master.
2025-06-17 09:39:52.164 [info] > git config --get commit.template [2ms]
2025-06-17 09:39:52.171 [info] > git for-each-ref --format=%(refname)%00%(upstream:short)%00%(objectname)%00%(upstream:track)%00%(upstream:remotename)%00%(upstream:remoteref) refs/heads/master refs/remotes/master [2ms]
2025-06-17 09:39:52.171 [warning] [Git][getBranch] No such branch: master
2025-06-17 09:39:52.189 [info] > git status -z -uall [13ms]
2025-06-17 09:39:52.189 [info] > git for-each-ref --sort -committerdate --format %(refname)%00%(objectname)%00%(*objectname) [8ms]
2025-06-17 09:39:52.815 [info] > git check-ignore -v -z --stdin [26ms]
2025-06-17 09:39:52.816 [info] > git check-ignore -v -z --stdin [21ms]
2025-06-17 09:39:52.816 [info] > git show --textconv :example3.py [11ms]
2025-06-17 09:39:52.818 [info] > git ls-files --stage -- example3.py [6ms]
2025-06-17 09:39:52.827 [info] > git cat-file -s dc244afa62ac26e93f53494dbd3a69977e63c658 [2ms]
2025-06-17 09:39:52.979 [info] > git blame --root --incremental 2b9b89a8f24a09dff1f8781920393e02082a1bad -- example3.py [10ms]
2025-06-17 09:40:02.755 [info] > git config --get commit.template [7ms]
2025-06-17 09:40:02.756 [info] > git for-each-ref --format=%(refname)%00%(upstream:short)%00%(objectname)%00%(upstream:track)%00%(upstream:remotename)%00%(upstream:remoteref) refs/heads/main refs/remotes/main [1ms]
2025-06-17 09:40:02.773 [info] > git for-each-ref --sort -committerdate --format %(refname)%00%(objectname)%00%(*objectname) [2ms]
2025-06-17 09:40:02.775 [info] > git status -z -uall [12ms]
2025-06-17 09:40:08.465 [info] > git config --get commit.template [8ms]
2025-06-17 09:40:08.466 [info] > git for-each-ref --format=%(refname)%00%(upstream:short)%00%(objectname)%00%(upstream:track)%00%(upstream:remotename)%00%(upstream:remoteref) refs/heads/main refs/remotes/main [2ms]
2025-06-17 09:40:08.482 [info] > git for-each-ref --sort -committerdate --format %(refname)%00%(objectname)%00%(*objectname) [2ms]
2025-06-17 09:40:08.484 [info] > git status -z -uall [11ms]
2025-06-17 09:40:13.503 [info] > git config --get commit.template [9ms]
2025-06-17 09:40:13.504 [info] > git for-each-ref --format=%(refname)%00%(upstream:short)%00%(objectname)%00%(upstream:track)%00%(upstream:remotename)%00%(upstream:remoteref) refs/heads/main refs/remotes/main [2ms]
2025-06-17 09:40:13.525 [info] > git for-each-ref --sort -committerdate --format %(refname)%00%(objectname)%00%(*objectname) [3ms]
2025-06-17 09:40:13.526 [info] > git status -z -uall [13ms]
2025-06-17 09:40:18.547 [info] > git config --get commit.template [8ms]
2025-06-17 09:40:18.548 [info] > git for-each-ref --format=%(refname)%00%(upstream:short)%00%(objectname)%00%(upstream:track)%00%(upstream:remotename)%00%(upstream:remoteref) refs/heads/main refs/remotes/main [2ms]
2025-06-17 09:40:18.566 [info] > git for-each-ref --sort -committerdate --format %(refname)%00%(objectname)%00%(*objectname) [1ms]
2025-06-17 09:40:18.568 [info] > git status -z -uall [13ms]
2025-06-17 09:40:23.587 [info] > git config --get commit.template [7ms]
2025-06-17 09:40:23.588 [info] > git for-each-ref --format=%(refname)%00%(upstream:short)%00%(objectname)%00%(upstream:track)%00%(upstream:remotename)%00%(upstream:remoteref) refs/heads/main refs/remotes/main [2ms]
2025-06-17 09:40:23.605 [info] > git for-each-ref --sort -committerdate --format %(refname)%00%(objectname)%00%(*objectname) [2ms]
2025-06-17 09:40:23.607 [info] > git status -z -uall [10ms]
2025-06-17 09:40:28.625 [info] > git config --get commit.template [8ms]
2025-06-17 09:40:28.626 [info] > git for-each-ref --format=%(refname)%00%(upstream:short)%00%(objectname)%00%(upstream:track)%00%(upstream:remotename)%00%(upstream:remoteref) refs/heads/main refs/remotes/main [2ms]
2025-06-17 09:40:28.643 [info] > git for-each-ref --sort -committerdate --format %(refname)%00%(objectname)%00%(*objectname) [2ms]
2025-06-17 09:40:28.646 [info] > git status -z -uall [12ms]
2025-06-17 09:40:33.664 [info] > git config --get commit.template [8ms]
2025-06-17 09:40:33.665 [info] > git for-each-ref --format=%(refname)%00%(upstream:short)%00%(objectname)%00%(upstream:track)%00%(upstream:remotename)%00%(upstream:remoteref) refs/heads/main refs/remotes/main [2ms]
2025-06-17 09:40:33.681 [info] > git for-each-ref --sort -committerdate --format %(refname)%00%(objectname)%00%(*objectname) [2ms]
2025-06-17 09:40:33.683 [info] > git status -z -uall [11ms]
2025-06-17 09:40:38.701 [info] > git config --get commit.template [7ms]
2025-06-17 09:40:38.701 [info] > git for-each-ref --format=%(refname)%00%(upstream:short)%00%(objectname)%00%(upstream:track)%00%(upstream:remotename)%00%(upstream:remoteref) refs/heads/main refs/remotes/main [1ms]
2025-06-17 09:40:38.717 [info] > git for-each-ref --sort -committerdate --format %(refname)%00%(objectname)%00%(*objectname) [3ms]
2025-06-17 09:40:38.719 [info] > git status -z -uall [11ms]
2025-06-17 09:40:43.739 [info] > git config --get commit.template [8ms]
2025-06-17 09:40:43.740 [info] > git for-each-ref --format=%(refname)%00%(upstream:short)%00%(objectname)%00%(upstream:track)%00%(upstream:remotename)%00%(upstream:remoteref) refs/heads/main refs/remotes/main [2ms]
2025-06-17 09:40:43.754 [info] > git for-each-ref --sort -committerdate --format %(refname)%00%(objectname)%00%(*objectname) [2ms]
2025-06-17 09:40:43.757 [info] > git status -z -uall [11ms]
2025-06-17 09:40:48.775 [info] > git config --get commit.template [8ms]
2025-06-17 09:40:48.776 [info] > git for-each-ref --format=%(refname)%00%(upstream:short)%00%(objectname)%00%(upstream:track)%00%(upstream:remotename)%00%(upstream:remoteref) refs/heads/main refs/remotes/main [1ms]
2025-06-17 09:40:48.794 [info] > git for-each-ref --sort -committerdate --format %(refname)%00%(objectname)%00%(*objectname) [2ms]
2025-06-17 09:40:48.797 [info] > git status -z -uall [12ms]
