Initializing document watcher...
Document watcher initialized
arun_carch_io/example3.py: {}
arun_carch_io/example3.py: {}
arun_carch_io/example3.py: {}
arun_carch_io/example3.py: {}
arun_carch_io/example3.py: {}
arun_carch_io/example3.py: {}
arun_carch_io/.git/COMMIT_EDITMSG: {}
arun_carch_io/example3.py: {}
arun_carch_io/example3.py: {}
vscode.git.Git: {}
/git-error-1750154181942: {}
arun_carch_io/example3.py: {}
arun_carch_io/.git/COMMIT_EDITMSG: {}
arun_carch_io/example3.py: {}
arun_carch_io/example3.py: {}
arun_carch_io/example3.py: {}
arun_carch_io/example3.py: {}
arun_carch_io/example3.py: {}
arun_carch_io/example3.py: {}
arun_carch_io/example4.py: {}
arun_carch_io/example4.py: Using EditorConfig core...
arun_carch_io/example4.py: Using EditorConfig core...
arun_carch_io/example4.py: {}
