2025-06-16 10:25:01.820 [info] [main] Log level: Info
2025-06-16 10:25:01.820 [info] [main] Validating found git in: "git"
2025-06-16 10:25:01.820 [info] [main] Using git "2.43.0" from "git"
2025-06-16 10:25:01.820 [info] [Model][doInitialScan] Initial repository scan started
2025-06-16 10:25:01.820 [info] > git rev-parse --show-toplevel [21ms]
2025-06-16 10:25:01.820 [info] > git rev-parse --git-dir --git-common-dir [4ms]
2025-06-16 10:25:01.820 [info] [Model][openRepository] Opened repository: /home/arun_carch_io
2025-06-16 10:25:01.840 [info] > git config --get commit.template [12ms]
2025-06-16 10:25:01.850 [info] > git for-each-ref --format=%(refname)%00%(upstream:short)%00%(objectname)%00%(upstream:track)%00%(upstream:remotename)%00%(upstream:remoteref) refs/heads/main refs/remotes/main [12ms]
2025-06-16 10:25:01.852 [info] > git rev-parse --show-toplevel [3ms]
2025-06-16 10:25:01.890 [info] > git status -z -uall [20ms]
2025-06-16 10:25:01.890 [info] > git rev-parse --show-toplevel [28ms]
2025-06-16 10:25:01.899 [info] > git for-each-ref --sort -committerdate --format %(refname)%00%(objectname)%00%(*objectname) [18ms]
2025-06-16 10:25:01.949 [info] > git for-each-ref --format=%(refname)%00%(upstream:short)%00%(objectname)%00%(upstream:track)%00%(upstream:remotename)%00%(upstream:remoteref) refs/heads/main refs/remotes/main [27ms]
2025-06-16 10:25:01.962 [info] > git rev-parse --show-toplevel [65ms]
2025-06-16 10:25:01.984 [info] > git config --get --local branch.main.vscode-merge-base [23ms]
2025-06-16 10:25:01.984 [warning] [Git][config] git config failed: Failed to execute git
2025-06-16 10:25:01.995 [info] > git config --get commit.template [54ms]
2025-06-16 10:25:02.007 [info] > git rev-parse --show-toplevel [26ms]
2025-06-16 10:25:02.029 [info] > git reflog main --grep-reflog=branch: Created from *. [34ms]
2025-06-16 10:25:02.084 [info] > git for-each-ref --format=%(refname)%00%(upstream:short)%00%(objectname)%00%(upstream:track)%00%(upstream:remotename)%00%(upstream:remoteref) refs/heads/main refs/remotes/main [68ms]
2025-06-16 10:25:02.095 [info] > git rev-parse --show-toplevel [43ms]
2025-06-16 10:25:02.095 [info] > git symbolic-ref --short refs/remotes/origin/HEAD [55ms]
2025-06-16 10:25:02.095 [info] fatal: ref refs/remotes/origin/HEAD is not a symbolic ref
2025-06-16 10:25:02.095 [warning] [Repository][getDefaultBranch] Failed to get default branch details: Failed to execute git.
2025-06-16 10:25:02.201 [info] > git rev-parse --show-toplevel [81ms]
2025-06-16 10:25:02.201 [info] > git merge-base refs/heads/main refs/remotes/origin/main [92ms]
2025-06-16 10:25:02.282 [info] > git status -z -uall [57ms]
2025-06-16 10:25:02.282 [info] > git rev-parse --show-toplevel [28ms]
2025-06-16 10:25:02.283 [info] > git for-each-ref --sort -committerdate --format %(refname)%00%(objectname)%00%(*objectname) [47ms]
2025-06-16 10:25:02.296 [info] > git diff --name-status -z --diff-filter=ADMR 8990902ec3388136fcfe70860f0f8432da5cf60c...refs/remotes/origin/main [85ms]
2025-06-16 10:25:02.306 [info] > git merge-base refs/heads/main refs/remotes/origin/main [13ms]
2025-06-16 10:25:02.339 [info] > git rev-parse --show-toplevel [34ms]
2025-06-16 10:25:02.405 [info] > git diff --name-status -z --diff-filter=ADMR 8990902ec3388136fcfe70860f0f8432da5cf60c...refs/remotes/origin/main [92ms]
2025-06-16 10:25:02.846 [info] > git rev-parse --show-toplevel [442ms]
2025-06-16 10:25:02.847 [info] [Model][doInitialScan] Initial repository scan completed - repositories (1), closed repositories (0), parent repositories (0), unsafe repositories (0)
2025-06-16 10:25:02.889 [info] > git show --textconv :example.py [32ms]
2025-06-16 10:25:02.890 [info] > git check-ignore -v -z --stdin [6ms]
2025-06-16 10:25:02.891 [info] > git ls-files --stage -- example.py [18ms]
2025-06-16 10:25:02.907 [info] > git cat-file -s 95fc4a7c99672016d7f59c3cd4e50bfc83fca70a [7ms]
2025-06-16 10:25:03.499 [info] > git blame --root --incremental 8990902ec3388136fcfe70860f0f8432da5cf60c -- example.py [15ms]
2025-06-16 10:25:06.301 [info] > git config --get commit.template [286ms]
2025-06-16 10:25:12.328 [info] > git for-each-ref --format=%(refname)%00%(upstream:short)%00%(objectname)%00%(upstream:track)%00%(upstream:remotename)%00%(upstream:remoteref) refs/heads/main refs/remotes/main [5804ms]
2025-06-16 10:25:12.532 [info] > git status -z -uall [166ms]
2025-06-16 10:25:12.534 [info] > git for-each-ref --sort -committerdate --format %(refname)%00%(objectname)%00%(*objectname) [123ms]
2025-06-16 10:25:18.083 [info] > git config --get commit.template [17ms]
2025-06-16 10:25:18.142 [info] > git for-each-ref --format=%(refname)%00%(upstream:short)%00%(objectname)%00%(upstream:track)%00%(upstream:remotename)%00%(upstream:remoteref) refs/heads/main refs/remotes/main [13ms]
2025-06-16 10:25:18.305 [info] > git status -z -uall [62ms]
2025-06-16 10:25:18.308 [info] > git for-each-ref --sort -committerdate --format %(refname)%00%(objectname)%00%(*objectname) [11ms]
2025-06-16 10:25:23.374 [info] > git config --get commit.template [25ms]
2025-06-16 10:25:23.455 [info] > git for-each-ref --format=%(refname)%00%(upstream:short)%00%(objectname)%00%(upstream:track)%00%(upstream:remotename)%00%(upstream:remoteref) refs/heads/main refs/remotes/main [35ms]
2025-06-16 10:25:23.612 [info] > git status -z -uall [73ms]
2025-06-16 10:25:23.655 [info] > git for-each-ref --sort -committerdate --format %(refname)%00%(objectname)%00%(*objectname) [57ms]
2025-06-16 10:25:28.728 [info] > git config --get commit.template [12ms]
2025-06-16 10:25:28.729 [info] > git for-each-ref --format=%(refname)%00%(upstream:short)%00%(objectname)%00%(upstream:track)%00%(upstream:remotename)%00%(upstream:remoteref) refs/heads/main refs/remotes/main [3ms]
2025-06-16 10:25:28.755 [info] > git status -z -uall [16ms]
2025-06-16 10:25:28.756 [info] > git for-each-ref --sort -committerdate --format %(refname)%00%(objectname)%00%(*objectname) [3ms]
2025-06-16 10:25:31.796 [info] > git show --textconv :example2.py [12ms]
2025-06-16 10:25:31.809 [info] > git ls-files --stage -- example2.py [15ms]
2025-06-16 10:25:31.821 [info] > git hash-object -t tree /dev/null [14ms]
2025-06-16 10:25:31.822 [warning] [GitFileSystemProvider][readFile] File not found - git:/home/arun_carch_io/example2.py.git?%7B%22path%22%3A%22%2Fhome%2Farun_carch_io%2Fexample2.py%22%2C%22ref%22%3A%22%22%7D
2025-06-16 10:25:31.829 [info] > git hash-object -t tree /dev/null [10ms]
2025-06-16 10:25:31.829 [warning] [GitFileSystemProvider][stat] File not found - git:/home/arun_carch_io/example2.py.git?%7B%22path%22%3A%22%2Fhome%2Farun_carch_io%2Fexample2.py%22%2C%22ref%22%3A%22%22%7D
2025-06-16 10:25:31.894 [info] > git check-ignore -v -z --stdin [2ms]
2025-06-16 10:25:34.259 [info] > git blame --root --incremental 8990902ec3388136fcfe70860f0f8432da5cf60c -- example2.py [5ms]
2025-06-16 10:25:34.259 [info] fatal: no such path example2.py in 8990902ec3388136fcfe70860f0f8432da5cf60c
2025-06-16 10:26:06.976 [info] > git config --get commit.template [24ms]
2025-06-16 10:26:07.031 [info] > git for-each-ref --format=%(refname)%00%(upstream:short)%00%(objectname)%00%(upstream:track)%00%(upstream:remotename)%00%(upstream:remoteref) refs/heads/main refs/remotes/main [15ms]
2025-06-16 10:26:07.066 [info] > git status -z -uall [23ms]
2025-06-16 10:26:07.067 [info] > git for-each-ref --sort -committerdate --format %(refname)%00%(objectname)%00%(*objectname) [13ms]
