2025-06-15 11:44:23.980 [info] Extension host with pid 1236 started
2025-06-15 11:44:24.019 [info] Lock '/home/arun_carch_io/.codeoss/data/User/workspaceStorage/-cccb475/vscode.lock': Lock acquired.
2025-06-15 11:44:24.109 [info] ExtensionService#_doActivateExtension vscode.emmet, startup: false, activationEvent: 'onLanguage'
2025-06-15 11:44:24.271 [info] ExtensionService#_doActivateExtension vscode.git-base, startup: true, activationEvent: '*', root cause: vscode.git
2025-06-15 11:44:24.329 [info] ExtensionService#_doActivateExtension vscode.git, startup: true, activationEvent: '*'
2025-06-15 11:44:24.330 [info] ExtensionService#_doActivateExtension vscode.github, startup: true, activationEvent: '*'
2025-06-15 11:44:24.643 [info] Eager extensions activated
2025-06-15 11:44:24.643 [info] ExtensionService#_doActivateExtension EditorConfig.EditorConfig, startup: false, activationEvent: 'onStartupFinished'
2025-06-15 11:44:24.644 [info] ExtensionService#_doActivateExtension google.cloud-shell, startup: false, activationEvent: 'onStartupFinished'
2025-06-15 11:44:24.644 [info] ExtensionService#_doActivateExtension google.geminicodeassist, startup: false, activationEvent: 'onStartupFinished', root cause: googlecloudtools.cloudcode
2025-06-15 11:44:24.645 [info] ExtensionService#_doActivateExtension vscode.debug-auto-launch, startup: false, activationEvent: 'onStartupFinished'
2025-06-15 11:44:24.645 [info] ExtensionService#_doActivateExtension vscode.merge-conflict, startup: false, activationEvent: 'onStartupFinished'
2025-06-15 11:44:26.842 [info] ExtensionService#_doActivateExtension vscode.configuration-editing, startup: false, activationEvent: 'onLanguage:jsonc'
2025-06-15 11:44:26.842 [info] ExtensionService#_doActivateExtension vscode.json-language-features, startup: false, activationEvent: 'onLanguage:jsonc'
2025-06-15 11:44:26.843 [info] ExtensionService#_doActivateExtension vscode.typescript-language-features, startup: false, activationEvent: 'onLanguage:jsonc'
2025-06-15 11:44:27.028 [info] ExtensionService#_doActivateExtension googlecloudtools.cloudcode, startup: false, activationEvent: 'onStartupFinished'
2025-06-15 11:44:29.176 [error] onWillSaveTextDocument-listener from extension 'EditorConfig.EditorConfig' threw ERROR
2025-06-15 11:44:29.182 [error] Error: timeout
    at Timeout._onTimeout (file:///google/devshell/editor/code-oss-for-cloud-shell/out/vs/workbench/api/node/extensionHostProcess.js:135:108282)
    at listOnTimeout (node:internal/timers:581:17)
    at processTimers (node:internal/timers:519:7)
2025-06-15 11:49:22.933 [info] Extension host terminating: received terminate message from renderer
2025-06-15 11:49:22.941 [info] Lock '/home/arun_carch_io/.codeoss/data/User/workspaceStorage/-cccb475/vscode.lock': Marking the lockfile as scheduled to be released in 6000 ms.
2025-06-15 11:49:23.113 [info] Extension host with pid 1236 exiting with code 0
