2025-06-16 09:17:35.405 [info] Extension host with pid 1211 started
2025-06-16 09:17:35.418 [info] Lock '/home/arun_carch_io/.codeoss/data/User/workspaceStorage/-50d123bc/vscode.lock': Lock acquired.
2025-06-16 09:17:35.513 [info] ExtensionService#_doActivateExtension vscode.emmet, startup: false, activationEvent: 'onLanguage'
2025-06-16 09:17:35.634 [info] ExtensionService#_doActivateExtension vscode.git-base, startup: true, activationEvent: '*', root cause: vscode.git
2025-06-16 09:17:35.736 [info] ExtensionService#_doActivateExtension vscode.git, startup: true, activationEvent: '*'
2025-06-16 09:17:35.737 [info] ExtensionService#_doActivateExtension vscode.github, startup: true, activationEvent: '*'
2025-06-16 09:17:38.181 [info] Eager extensions activated
2025-06-16 09:17:38.181 [info] ExtensionService#_doActivateExtension EditorConfig.EditorConfig, startup: false, activationEvent: 'onStartupFinished'
2025-06-16 09:17:38.183 [info] ExtensionService#_doActivateExtension google.cloud-shell, startup: false, activationEvent: 'onStartupFinished'
2025-06-16 09:17:38.183 [info] ExtensionService#_doActivateExtension google.geminicodeassist, startup: false, activationEvent: 'onStartupFinished', root cause: googlecloudtools.cloudcode
2025-06-16 09:17:38.184 [info] ExtensionService#_doActivateExtension vscode.debug-auto-launch, startup: false, activationEvent: 'onStartupFinished'
2025-06-16 09:17:38.185 [info] ExtensionService#_doActivateExtension vscode.merge-conflict, startup: false, activationEvent: 'onStartupFinished'
2025-06-16 09:17:40.398 [info] ExtensionService#_doActivateExtension vscode.configuration-editing, startup: false, activationEvent: 'onLanguage:jsonc'
2025-06-16 09:17:40.398 [info] ExtensionService#_doActivateExtension vscode.json-language-features, startup: false, activationEvent: 'onLanguage:jsonc'
2025-06-16 09:17:40.399 [info] ExtensionService#_doActivateExtension vscode.typescript-language-features, startup: false, activationEvent: 'onLanguage:jsonc'
2025-06-16 09:17:40.589 [info] ExtensionService#_doActivateExtension googlecloudtools.cloudcode, startup: false, activationEvent: 'onStartupFinished'
2025-06-16 09:17:43.040 [error] onWillSaveTextDocument-listener from extension 'EditorConfig.EditorConfig' threw ERROR
2025-06-16 09:17:43.047 [error] Error: timeout
    at Timeout._onTimeout (file:///google/devshell/editor/code-oss-for-cloud-shell/out/vs/workbench/api/node/extensionHostProcess.js:135:108282)
    at listOnTimeout (node:internal/timers:581:17)
    at processTimers (node:internal/timers:519:7)
2025-06-16 09:27:13.889 [info] Extension host terminating: received terminate message from renderer
2025-06-16 09:27:13.890 [info] Lock '/home/arun_carch_io/.codeoss/data/User/workspaceStorage/-50d123bc/vscode.lock': Marking the lockfile as scheduled to be released in 6000 ms.
2025-06-16 09:27:13.933 [info] Extension host with pid 1211 exiting with code 0
