2025-06-15 11:46:43.363 [info] [main] Log level: Info
2025-06-15 11:46:43.363 [info] [main] Validating found git in: "git"
2025-06-15 11:46:43.363 [info] [main] Using git "2.43.0" from "git"
2025-06-15 11:46:43.363 [info] [Model][doInitialScan] Initial repository scan started
2025-06-15 11:46:43.363 [info] > git rev-parse --show-toplevel [2781ms]
2025-06-15 11:46:43.363 [info] fatal: not a git repository (or any parent up to mount point /)
Stopping at filesystem boundary (GIT_DISCOVERY_ACROSS_FILESYSTEM not set).
2025-06-15 11:46:43.387 [info] > git rev-parse --show-toplevel [25ms]
2025-06-15 11:46:43.387 [info] fatal: not a git repository (or any parent up to mount point /)
Stopping at filesystem boundary (GIT_DISCOVERY_ACROSS_FILESYSTEM not set).
2025-06-15 11:46:43.415 [info] > git rev-parse --show-toplevel [14ms]
2025-06-15 11:46:43.415 [info] fatal: not a git repository (or any parent up to mount point /)
Stopping at filesystem boundary (GIT_DISCOVERY_ACROSS_FILESYSTEM not set).
2025-06-15 11:46:43.485 [info] > git rev-parse --show-toplevel [62ms]
2025-06-15 11:46:43.487 [info] fatal: not a git repository (or any parent up to mount point /)
Stopping at filesystem boundary (GIT_DISCOVERY_ACROSS_FILESYSTEM not set).
2025-06-15 11:46:43.525 [info] > git rev-parse --show-toplevel [18ms]
2025-06-15 11:46:43.525 [info] fatal: not a git repository (or any parent up to mount point /)
Stopping at filesystem boundary (GIT_DISCOVERY_ACROSS_FILESYSTEM not set).
2025-06-15 11:46:43.630 [info] > git rev-parse --show-toplevel [89ms]
2025-06-15 11:46:43.630 [info] fatal: not a git repository (or any parent up to mount point /)
Stopping at filesystem boundary (GIT_DISCOVERY_ACROSS_FILESYSTEM not set).
2025-06-15 11:46:43.651 [info] > git rev-parse --show-toplevel [5ms]
2025-06-15 11:46:43.651 [info] fatal: not a git repository (or any parent up to mount point /)
Stopping at filesystem boundary (GIT_DISCOVERY_ACROSS_FILESYSTEM not set).
2025-06-15 11:46:43.652 [info] [Model][doInitialScan] Initial repository scan completed - repositories (0), closed repositories (0), parent repositories (0), unsafe repositories (0)
