Initializing document watcher...
Document watcher initialized
arun_carch_io/example.py: {}
arun_carch_io/example2.py: {}
arun_carch_io/example2.py: Using EditorConfig core...
arun_carch_io/example2.py: Using EditorConfig core...
arun_carch_io/example2.py: Using EditorConfig core...
arun_carch_io/example2.py: Using EditorConfig core...
arun_carch_io/example2.py: Using EditorConfig core...
arun_carch_io/example2.py: Using EditorConfig core...
arun_carch_io/example2.py: Using EditorConfig core...
arun_carch_io/example2.py: Using EditorConfig core...
arun_carch_io/example2.py: Using EditorConfig core...
arun_carch_io/example2.py: Using EditorConfig core...
arun_carch_io/example2.py: Using EditorConfig core...
arun_carch_io/example2.py: Using EditorConfig core...
arun_carch_io/example2.py: Using EditorConfig core...
arun_carch_io/example2.py: Using EditorConfig core...
arun_carch_io/example2.py: Using EditorConfig core...
arun_carch_io/example2.py: Using EditorConfig core...
