2025-06-15 11:50:37.595 [info] [main] Log level: Info
2025-06-15 11:50:37.595 [info] [main] Validating found git in: "git"
2025-06-15 11:50:37.595 [info] [main] Using git "2.43.0" from "git"
2025-06-15 11:50:37.595 [info] [Model][doInitialScan] Initial repository scan started
2025-06-15 11:50:37.595 [info] > git rev-parse --show-toplevel [3ms]
2025-06-15 11:50:37.595 [info] fatal: not a git repository (or any parent up to mount point /)
Stopping at filesystem boundary (GIT_DISCOVERY_ACROSS_FILESYSTEM not set).
2025-06-15 11:50:37.595 [info] > git rev-parse --show-toplevel [3ms]
2025-06-15 11:50:37.595 [info] fatal: not a git repository (or any parent up to mount point /)
Stopping at filesystem boundary (GIT_DISCOVERY_ACROSS_FILESYSTEM not set).
2025-06-15 11:50:37.595 [info] > git rev-parse --show-toplevel [2ms]
2025-06-15 11:50:37.595 [info] fatal: not a git repository (or any parent up to mount point /)
Stopping at filesystem boundary (GIT_DISCOVERY_ACROSS_FILESYSTEM not set).
2025-06-15 11:50:37.595 [info] > git rev-parse --show-toplevel [2ms]
2025-06-15 11:50:37.595 [info] fatal: not a git repository (or any parent up to mount point /)
Stopping at filesystem boundary (GIT_DISCOVERY_ACROSS_FILESYSTEM not set).
2025-06-15 11:50:37.595 [info] > git rev-parse --show-toplevel [1ms]
2025-06-15 11:50:37.595 [info] fatal: not a git repository (or any parent up to mount point /)
Stopping at filesystem boundary (GIT_DISCOVERY_ACROSS_FILESYSTEM not set).
2025-06-15 11:50:37.595 [info] > git rev-parse --show-toplevel [1ms]
2025-06-15 11:50:37.595 [info] fatal: not a git repository (or any parent up to mount point /)
Stopping at filesystem boundary (GIT_DISCOVERY_ACROSS_FILESYSTEM not set).
2025-06-15 11:50:37.595 [info] > git rev-parse --show-toplevel [2ms]
2025-06-15 11:50:37.595 [info] fatal: not a git repository (or any parent up to mount point /)
Stopping at filesystem boundary (GIT_DISCOVERY_ACROSS_FILESYSTEM not set).
2025-06-15 11:50:37.595 [info] [Model][doInitialScan] Initial repository scan completed - repositories (0), closed repositories (0), parent repositories (0), unsafe repositories (0)
2025-06-15 11:50:37.595 [info] > git rev-parse --show-toplevel [2ms]
2025-06-15 11:50:37.595 [info] fatal: not a git repository (or any parent up to mount point /)
Stopping at filesystem boundary (GIT_DISCOVERY_ACROSS_FILESYSTEM not set).
2025-06-15 11:50:37.847 [info] > git rev-parse --show-toplevel [4ms]
2025-06-15 11:50:37.847 [info] fatal: not a git repository (or any parent up to mount point /)
Stopping at filesystem boundary (GIT_DISCOVERY_ACROSS_FILESYSTEM not set).
2025-06-15 11:50:40.274 [info] > git rev-parse --show-toplevel [4ms]
2025-06-15 11:50:40.274 [info] fatal: not a git repository (or any parent up to mount point /)
Stopping at filesystem boundary (GIT_DISCOVERY_ACROSS_FILESYSTEM not set).
2025-06-15 11:50:40.290 [info] > git rev-parse --show-toplevel [7ms]
2025-06-15 11:50:40.290 [info] fatal: not a git repository (or any parent up to mount point /)
Stopping at filesystem boundary (GIT_DISCOVERY_ACROSS_FILESYSTEM not set).
2025-06-15 11:50:40.376 [info] > git rev-parse --show-toplevel [3ms]
2025-06-15 11:50:40.376 [info] fatal: not a git repository (or any parent up to mount point /)
Stopping at filesystem boundary (GIT_DISCOVERY_ACROSS_FILESYSTEM not set).
2025-06-15 11:50:41.694 [info] > git rev-parse --show-toplevel [19ms]
2025-06-15 11:50:41.694 [info] fatal: not a git repository (or any parent up to mount point /)
Stopping at filesystem boundary (GIT_DISCOVERY_ACROSS_FILESYSTEM not set).
2025-06-15 11:50:41.756 [info] > git rev-parse --show-toplevel [20ms]
2025-06-15 11:50:41.756 [info] fatal: not a git repository (or any parent up to mount point /)
Stopping at filesystem boundary (GIT_DISCOVERY_ACROSS_FILESYSTEM not set).
2025-06-15 11:50:42.411 [info] > git rev-parse --show-toplevel [18ms]
2025-06-15 11:50:42.411 [info] fatal: not a git repository (or any parent up to mount point /)
Stopping at filesystem boundary (GIT_DISCOVERY_ACROSS_FILESYSTEM not set).
