2025-06-15 11:49:13.133 [info] [main] Log level: Info
2025-06-15 11:49:13.134 [info] [main] Validating found git in: "git"
2025-06-15 11:49:13.134 [info] [main] Using git "2.43.0" from "git"
2025-06-15 11:49:13.134 [info] [Model][doInitialScan] Initial repository scan started
2025-06-15 11:49:13.134 [info] > git rev-parse --show-toplevel [1453ms]
2025-06-15 11:49:13.134 [info] fatal: not a git repository (or any parent up to mount point /)
Stopping at filesystem boundary (GIT_DISCOVERY_ACROSS_FILESYSTEM not set).
2025-06-15 11:49:13.213 [info] > git rev-parse --show-toplevel [80ms]
2025-06-15 11:49:13.213 [info] fatal: not a git repository (or any parent up to mount point /)
Stopping at filesystem boundary (GIT_DISCOVERY_ACROSS_FILESYSTEM not set).
2025-06-15 11:49:13.225 [info] > git rev-parse --show-toplevel [4ms]
2025-06-15 11:49:13.225 [info] fatal: not a git repository (or any parent up to mount point /)
Stopping at filesystem boundary (GIT_DISCOVERY_ACROSS_FILESYSTEM not set).
2025-06-15 11:49:15.734 [info] > git rev-parse --show-toplevel [2501ms]
2025-06-15 11:49:15.734 [info] fatal: not a git repository (or any parent up to mount point /)
Stopping at filesystem boundary (GIT_DISCOVERY_ACROSS_FILESYSTEM not set).
2025-06-15 11:49:15.957 [info] > git rev-parse --show-toplevel [123ms]
2025-06-15 11:49:15.957 [info] fatal: not a git repository (or any parent up to mount point /)
Stopping at filesystem boundary (GIT_DISCOVERY_ACROSS_FILESYSTEM not set).
2025-06-15 11:49:16.242 [info] > git rev-parse --show-toplevel [24ms]
2025-06-15 11:49:16.243 [info] fatal: not a git repository (or any parent up to mount point /)
Stopping at filesystem boundary (GIT_DISCOVERY_ACROSS_FILESYSTEM not set).
2025-06-15 11:49:16.433 [info] > git rev-parse --show-toplevel [179ms]
2025-06-15 11:49:16.433 [info] fatal: not a git repository (or any parent up to mount point /)
Stopping at filesystem boundary (GIT_DISCOVERY_ACROSS_FILESYSTEM not set).
2025-06-15 11:49:16.437 [info] [Model][doInitialScan] Initial repository scan completed - repositories (0), closed repositories (0), parent repositories (0), unsafe repositories (0)
