2025-06-16 16:03:08.794 [info] [main] Log level: Info
2025-06-16 16:03:08.794 [info] [main] Validating found git in: "git"
2025-06-16 16:03:08.794 [info] [main] Using git "2.43.0" from "git"
2025-06-16 16:03:08.794 [info] [Model][doInitialScan] Initial repository scan started
2025-06-16 16:03:08.817 [info] > git rev-parse --show-toplevel [28ms]
2025-06-16 16:03:08.826 [info] > git rev-parse --git-dir --git-common-dir [2ms]
2025-06-16 16:03:08.839 [info] [Model][openRepository] Opened repository: /home/arun_carch_io
2025-06-16 16:03:08.856 [info] > git config --get commit.template [8ms]
2025-06-16 16:03:08.856 [info] > git rev-parse --show-toplevel [4ms]
2025-06-16 16:03:08.870 [info] > git rev-parse --show-toplevel [2ms]
2025-06-16 16:03:08.893 [info] > git rev-parse --show-toplevel [10ms]
2025-06-16 16:03:08.901 [info] > git rev-parse --show-toplevel [2ms]
2025-06-16 16:03:08.908 [info] > git rev-parse --show-toplevel [2ms]
2025-06-16 16:03:08.916 [info] > git rev-parse --show-toplevel [3ms]
2025-06-16 16:03:08.923 [info] > git rev-parse --show-toplevel [2ms]
2025-06-16 16:03:08.933 [info] > git rev-parse --show-toplevel [4ms]
2025-06-16 16:03:08.943 [info] > git for-each-ref --format=%(refname)%00%(upstream:short)%00%(objectname)%00%(upstream:track)%00%(upstream:remotename)%00%(upstream:remoteref) refs/heads/main refs/remotes/main [82ms]
2025-06-16 16:03:08.944 [info] > git rev-parse --show-toplevel [3ms]
2025-06-16 16:03:08.945 [info] [Model][doInitialScan] Initial repository scan completed - repositories (1), closed repositories (0), parent repositories (0), unsafe repositories (0)
2025-06-16 16:03:08.965 [info] > git for-each-ref --sort -committerdate --format %(refname)%00%(objectname)%00%(*objectname) [6ms]
2025-06-16 16:03:08.987 [info] > git status -z -uall [34ms]
2025-06-16 16:03:09.046 [info] > git for-each-ref --format=%(refname)%00%(upstream:short)%00%(objectname)%00%(upstream:track)%00%(upstream:remotename)%00%(upstream:remoteref) refs/heads/main refs/remotes/main [18ms]
2025-06-16 16:03:09.077 [info] > git config --get commit.template [32ms]
2025-06-16 16:03:09.079 [info] > git config --get --local branch.main.vscode-merge-base [27ms]
2025-06-16 16:03:09.079 [warning] [Git][config] git config failed: Failed to execute git
2025-06-16 16:03:09.205 [info] > git for-each-ref --format=%(refname)%00%(upstream:short)%00%(objectname)%00%(upstream:track)%00%(upstream:remotename)%00%(upstream:remoteref) refs/heads/main refs/remotes/main [115ms]
2025-06-16 16:03:09.206 [info] > git reflog main --grep-reflog=branch: Created from *. [122ms]
2025-06-16 16:03:09.231 [info] > git symbolic-ref --short refs/remotes/origin/HEAD [21ms]
2025-06-16 16:03:09.231 [info] fatal: ref refs/remotes/origin/HEAD is not a symbolic ref
2025-06-16 16:03:09.232 [warning] [Repository][getDefaultBranch] Failed to get default branch details: Failed to execute git.
2025-06-16 16:03:09.257 [info] > git merge-base refs/heads/main refs/remotes/origin/main [20ms]
2025-06-16 16:03:09.267 [info] > git status -z -uall [23ms]
2025-06-16 16:03:09.269 [info] > git for-each-ref --sort -committerdate --format %(refname)%00%(objectname)%00%(*objectname) [16ms]
2025-06-16 16:03:09.375 [info] > git merge-base refs/heads/main refs/remotes/origin/main [92ms]
2025-06-16 16:03:09.380 [info] > git diff --name-status -z --diff-filter=ADMR c3dce166435bba3083d4153fa96d7901ea05d16e...refs/remotes/origin/main [115ms]
2025-06-16 16:03:09.437 [info] > git show --textconv :example3.py [9ms]
2025-06-16 16:03:09.437 [info] > git diff --name-status -z --diff-filter=ADMR c3dce166435bba3083d4153fa96d7901ea05d16e...refs/remotes/origin/main [57ms]
2025-06-16 16:03:09.439 [info] > git ls-files --stage -- example3.py [4ms]
2025-06-16 16:03:09.459 [info] > git cat-file -s dc244afa62ac26e93f53494dbd3a69977e63c658 [13ms]
2025-06-16 16:03:09.484 [info] > git check-ignore -v -z --stdin [2ms]
2025-06-16 16:03:09.663 [info] > git blame --root --incremental c3dce166435bba3083d4153fa96d7901ea05d16e -- example3.py [68ms]
2025-06-16 16:03:27.489 [info] > git config --get commit.template [6ms]
2025-06-16 16:03:27.490 [info] > git for-each-ref --format=%(refname)%00%(upstream:short)%00%(objectname)%00%(upstream:track)%00%(upstream:remotename)%00%(upstream:remoteref) refs/heads/main refs/remotes/main [2ms]
2025-06-16 16:03:27.503 [info] > git for-each-ref --sort -committerdate --format %(refname)%00%(objectname)%00%(*objectname) [2ms]
2025-06-16 16:03:27.508 [info] > git status -z -uall [12ms]
2025-06-16 16:03:28.088 [info] > git ls-files --stage -- example.py [2ms]
2025-06-16 16:03:28.115 [info] > git show --textconv :example.py [34ms]
2025-06-16 16:03:28.116 [info] > git cat-file -s 95fc4a7c99672016d7f59c3cd4e50bfc83fca70a [24ms]
2025-06-16 16:03:28.201 [info] > git blame --root --incremental c3dce166435bba3083d4153fa96d7901ea05d16e -- example.py [19ms]
2025-06-16 16:03:32.524 [info] > git config --get commit.template [6ms]
2025-06-16 16:03:32.525 [info] > git for-each-ref --format=%(refname)%00%(upstream:short)%00%(objectname)%00%(upstream:track)%00%(upstream:remotename)%00%(upstream:remoteref) refs/heads/main refs/remotes/main [2ms]
2025-06-16 16:03:32.538 [info] > git for-each-ref --sort -committerdate --format %(refname)%00%(objectname)%00%(*objectname) [3ms]
2025-06-16 16:03:32.542 [info] > git status -z -uall [12ms]
2025-06-16 16:03:37.557 [info] > git config --get commit.template [5ms]
2025-06-16 16:03:37.558 [info] > git for-each-ref --format=%(refname)%00%(upstream:short)%00%(objectname)%00%(upstream:track)%00%(upstream:remotename)%00%(upstream:remoteref) refs/heads/main refs/remotes/main [2ms]
2025-06-16 16:03:37.571 [info] > git for-each-ref --sort -committerdate --format %(refname)%00%(objectname)%00%(*objectname) [4ms]
2025-06-16 16:03:37.577 [info] > git status -z -uall [14ms]
2025-06-16 16:03:42.593 [info] > git config --get commit.template [4ms]
2025-06-16 16:03:42.593 [info] > git for-each-ref --format=%(refname)%00%(upstream:short)%00%(objectname)%00%(upstream:track)%00%(upstream:remotename)%00%(upstream:remoteref) refs/heads/main refs/remotes/main [2ms]
2025-06-16 16:03:42.605 [info] > git for-each-ref --sort -committerdate --format %(refname)%00%(objectname)%00%(*objectname) [3ms]
2025-06-16 16:03:42.610 [info] > git status -z -uall [11ms]
2025-06-16 16:03:50.898 [info] > git config --get commit.template [4ms]
2025-06-16 16:03:50.899 [info] > git for-each-ref --format=%(refname)%00%(upstream:short)%00%(objectname)%00%(upstream:track)%00%(upstream:remotename)%00%(upstream:remoteref) refs/heads/main refs/remotes/main [3ms]
2025-06-16 16:03:50.910 [info] > git for-each-ref --sort -committerdate --format %(refname)%00%(objectname)%00%(*objectname) [4ms]
2025-06-16 16:03:50.915 [info] > git status -z -uall [12ms]
2025-06-16 16:03:52.903 [info] > git ls-files --stage -- example2.py [2ms]
2025-06-16 16:03:52.934 [info] > git show --textconv :example2.py [37ms]
2025-06-16 16:03:52.934 [info] > git cat-file -s 87e3ca6e9b6ce36d27711fddf0308b392f21fe1d [27ms]
2025-06-16 16:03:53.001 [info] > git blame --root --incremental c3dce166435bba3083d4153fa96d7901ea05d16e -- example2.py [3ms]
2025-06-16 16:04:02.572 [info] > git config --get commit.template [8ms]
2025-06-16 16:04:02.573 [info] > git for-each-ref --format=%(refname)%00%(upstream:short)%00%(objectname)%00%(upstream:track)%00%(upstream:remotename)%00%(upstream:remoteref) refs/heads/main refs/remotes/main [2ms]
2025-06-16 16:04:02.591 [info] > git for-each-ref --sort -committerdate --format %(refname)%00%(objectname)%00%(*objectname) [3ms]
2025-06-16 16:04:02.592 [info] > git status -z -uall [11ms]
2025-06-16 16:04:03.119 [info] > git show --textconv :example3.py [10ms]
2025-06-16 16:04:03.120 [info] > git ls-files --stage -- example3.py [2ms]
2025-06-16 16:04:03.129 [info] > git cat-file -s dc244afa62ac26e93f53494dbd3a69977e63c658 [2ms]
