2025-06-16 09:42:59.403 [warning] Dir "/home/arun_carch_io/.pixi/envs" is not watchable (directory does not exist)
2025-06-16 09:42:59.403 [info] Starting Environment refresh
2025-06-16 09:42:59.403 [info] Searching for interpreters in posix paths locator
2025-06-16 09:42:59.403 [info] Searching for pyenv environments
2025-06-16 09:42:59.403 [info] Searching for conda environments
2025-06-16 09:42:59.403 [info] Searching for global virtual environments
2025-06-16 09:42:59.403 [info] Searching for custom virtual environments
2025-06-16 09:42:59.403 [info] pyenv is not installed
2025-06-16 09:42:59.403 [info] Finished searching for pyenv environments: 35 milliseconds
2025-06-16 09:42:59.403 [info] Finished searching for custom virtual envs: 36 milliseconds
2025-06-16 09:42:59.403 [info] > conda info --json
2025-06-16 09:42:59.403 [info] > hatch env show --json
2025-06-16 09:42:59.403 [info] cwd: .
2025-06-16 09:42:59.403 [info] > pyenv which python
2025-06-16 09:42:59.403 [info] cwd: .
2025-06-16 09:42:59.403 [info] Finished searching for global virtual envs: 161 milliseconds
2025-06-16 09:42:59.424 [info] Found: /bin/python --> /bin/python3.12
2025-06-16 09:42:59.448 [info] Found: /bin/python3 --> /bin/python3.12
2025-06-16 09:42:59.452 [info] Found: /bin/python3.12 --> /bin/python3.12
2025-06-16 09:42:59.671 [info] Found: /usr/bin/python --> /usr/bin/python3.12
2025-06-16 09:42:59.685 [info] Found: /usr/bin/python3 --> /usr/bin/python3.12
2025-06-16 09:42:59.694 [info] Found: /usr/bin/python3.12 --> /usr/bin/python3.12
2025-06-16 09:42:59.792 [info] Finished searching for interpreters in posix paths locator: 579 milliseconds
2025-06-16 09:42:59.792 [info] > /bin/python -I /google/devshell/editor/code-oss-for-cloud-shell/extensions/ms-python.python/python_files/get_output_via_markers.py /google/devshell/editor/code-oss-for-cloud-shell/extensions/ms-python.python/python_files/interpreterInfo.py
2025-06-16 09:42:59.874 [info] > /usr/bin/python -I /google/devshell/editor/code-oss-for-cloud-shell/extensions/ms-python.python/python_files/get_output_via_markers.py /google/devshell/editor/code-oss-for-cloud-shell/extensions/ms-python.python/python_files/interpreterInfo.py
2025-06-16 09:42:59.874 [info] Environments refresh paths discovered (event): 682 milliseconds
2025-06-16 09:42:59.874 [info] Environments refresh paths discovered: 682 milliseconds
2025-06-16 09:43:00.063 [info] Environments refresh finished (event): 871 milliseconds
2025-06-16 09:43:00.089 [info] Environment refresh took 896 milliseconds
2025-06-16 09:43:00.109 [info] Python interpreter path: /bin/python
2025-06-16 09:43:05.345 [info] Discover tests for workspace name: arun_carch_io - uri: /home/arun_carch_io/example.py
2025-06-16 09:43:06.551 [info] Starting Jedi language server for arun_carch_io.
2025-06-16 09:43:06.897 [info] Discover tests for workspace name: arun_carch_io - uri: /home/arun_carch_io/example.py
2025-06-16 09:43:09.629 [info] Discover tests for workspace name: arun_carch_io - uri: /home/arun_carch_io/example.py
2025-06-16 09:43:12.987 [info] Discover tests for workspace name: arun_carch_io - uri: /home/arun_carch_io/example.py
2025-06-16 09:43:19.590 [info] Discover tests for workspace name: arun_carch_io - uri: /home/arun_carch_io/example.py
2025-06-16 09:43:22.006 [info] Discover tests for workspace name: arun_carch_io - uri: /home/arun_carch_io/example.py
2025-06-16 09:43:29.196 [info] Discover tests for workspace name: arun_carch_io - uri: /home/arun_carch_io/example.py
2025-06-16 09:43:30.310 [info] Discover tests for workspace name: arun_carch_io - uri: /home/arun_carch_io/example.py
2025-06-16 09:43:34.356 [info] Discover tests for workspace name: arun_carch_io - uri: /home/arun_carch_io/example.py
2025-06-16 09:43:35.575 [info] Discover tests for workspace name: arun_carch_io - uri: /home/arun_carch_io/example.py
2025-06-16 09:43:42.083 [info] Discover tests for workspace name: arun_carch_io - uri: /home/arun_carch_io/example.py
