2025-06-16 09:17:35.991 [info] [main] Log level: Info
2025-06-16 09:17:35.991 [info] [main] Validating found git in: "git"
2025-06-16 09:17:35.991 [info] [main] Using git "2.43.0" from "git"
2025-06-16 09:17:35.991 [info] [Model][doInitialScan] Initial repository scan started
2025-06-16 09:17:35.991 [info] > git rev-parse --show-toplevel [5ms]
2025-06-16 09:17:35.991 [info] fatal: not a git repository (or any parent up to mount point /)
Stopping at filesystem boundary (GIT_DISCOVERY_ACROSS_FILESYSTEM not set).
2025-06-16 09:17:35.991 [info] > git rev-parse --show-toplevel [4ms]
2025-06-16 09:17:35.991 [info] fatal: not a git repository (or any parent up to mount point /)
Stopping at filesystem boundary (GIT_DISCOVERY_ACROSS_FILESYSTEM not set).
2025-06-16 09:17:35.993 [info] > git rev-parse --show-toplevel [2ms]
2025-06-16 09:17:35.993 [info] fatal: not a git repository (or any parent up to mount point /)
Stopping at filesystem boundary (GIT_DISCOVERY_ACROSS_FILESYSTEM not set).
2025-06-16 09:17:35.998 [info] > git rev-parse --show-toplevel [2ms]
2025-06-16 09:17:35.998 [info] fatal: not a git repository (or any parent up to mount point /)
Stopping at filesystem boundary (GIT_DISCOVERY_ACROSS_FILESYSTEM not set).
2025-06-16 09:17:36.003 [info] > git rev-parse --show-toplevel [2ms]
2025-06-16 09:17:36.003 [info] fatal: not a git repository (or any parent up to mount point /)
Stopping at filesystem boundary (GIT_DISCOVERY_ACROSS_FILESYSTEM not set).
2025-06-16 09:17:36.009 [info] > git rev-parse --show-toplevel [2ms]
2025-06-16 09:17:36.009 [info] fatal: not a git repository (or any parent up to mount point /)
Stopping at filesystem boundary (GIT_DISCOVERY_ACROSS_FILESYSTEM not set).
2025-06-16 09:17:36.014 [info] > git rev-parse --show-toplevel [2ms]
2025-06-16 09:17:36.014 [info] fatal: not a git repository (or any parent up to mount point /)
Stopping at filesystem boundary (GIT_DISCOVERY_ACROSS_FILESYSTEM not set).
2025-06-16 09:17:36.015 [info] [Model][doInitialScan] Initial repository scan completed - repositories (0), closed repositories (0), parent repositories (0), unsafe repositories (0)
2025-06-16 09:17:38.098 [info] > git rev-parse --show-toplevel [2ms]
2025-06-16 09:17:38.098 [info] fatal: not a git repository (or any parent up to mount point /)
Stopping at filesystem boundary (GIT_DISCOVERY_ACROSS_FILESYSTEM not set).
2025-06-16 09:17:43.078 [info] > git rev-parse --show-toplevel [3ms]
2025-06-16 09:17:43.078 [info] fatal: not a git repository (or any parent up to mount point /)
Stopping at filesystem boundary (GIT_DISCOVERY_ACROSS_FILESYSTEM not set).
2025-06-16 09:20:15.591 [info] > git rev-parse --show-toplevel [2ms]
2025-06-16 09:20:15.591 [info] fatal: not a git repository (or any parent up to mount point /)
Stopping at filesystem boundary (GIT_DISCOVERY_ACROSS_FILESYSTEM not set).
2025-06-16 09:21:04.687 [info] > git rev-parse --show-toplevel [1ms]
2025-06-16 09:21:04.687 [info] fatal: not a git repository (or any parent up to mount point /)
Stopping at filesystem boundary (GIT_DISCOVERY_ACROSS_FILESYSTEM not set).
