2025-06-15 11:44:26.283 [info] [main] Log level: Info
2025-06-15 11:44:26.283 [info] [main] Validating found git in: "git"
2025-06-15 11:44:26.283 [info] [main] Using git "2.43.0" from "git"
2025-06-15 11:44:26.283 [info] [Model][doInitialScan] Initial repository scan started
2025-06-15 11:44:26.283 [info] > git rev-parse --show-toplevel [1638ms]
2025-06-15 11:44:26.283 [info] fatal: not a git repository (or any parent up to mount point /)
Stopping at filesystem boundary (GIT_DISCOVERY_ACROSS_FILESYSTEM not set).
2025-06-15 11:44:26.288 [info] > git rev-parse --show-toplevel [1ms]
2025-06-15 11:44:26.289 [info] fatal: not a git repository (or any parent up to mount point /)
Stopping at filesystem boundary (GIT_DISCOVERY_ACROSS_FILESYSTEM not set).
2025-06-15 11:44:26.365 [info] > git rev-parse --show-toplevel [73ms]
2025-06-15 11:44:26.366 [info] fatal: not a git repository (or any parent up to mount point /)
Stopping at filesystem boundary (GIT_DISCOVERY_ACROSS_FILESYSTEM not set).
2025-06-15 11:44:26.377 [info] > git rev-parse --show-toplevel [6ms]
2025-06-15 11:44:26.377 [info] fatal: not a git repository (or any parent up to mount point /)
Stopping at filesystem boundary (GIT_DISCOVERY_ACROSS_FILESYSTEM not set).
2025-06-15 11:44:26.396 [info] > git rev-parse --show-toplevel [15ms]
2025-06-15 11:44:26.396 [info] fatal: not a git repository (or any parent up to mount point /)
Stopping at filesystem boundary (GIT_DISCOVERY_ACROSS_FILESYSTEM not set).
2025-06-15 11:44:26.438 [info] > git rev-parse --show-toplevel [9ms]
2025-06-15 11:44:26.438 [info] fatal: not a git repository (or any parent up to mount point /)
Stopping at filesystem boundary (GIT_DISCOVERY_ACROSS_FILESYSTEM not set).
2025-06-15 11:44:29.211 [info] > git rev-parse --show-toplevel [2756ms]
2025-06-15 11:44:29.211 [info] fatal: not a git repository (or any parent up to mount point /)
Stopping at filesystem boundary (GIT_DISCOVERY_ACROSS_FILESYSTEM not set).
2025-06-15 11:44:29.212 [info] [Model][doInitialScan] Initial repository scan completed - repositories (0), closed repositories (0), parent repositories (0), unsafe repositories (0)
2025-06-15 11:44:29.314 [info] > git rev-parse --show-toplevel [92ms]
2025-06-15 11:44:29.314 [info] fatal: not a git repository (or any parent up to mount point /)
Stopping at filesystem boundary (GIT_DISCOVERY_ACROSS_FILESYSTEM not set).
